<?xml version="1.0" encoding="UTF-8"?>
<!-- Generated by org.testng.reporters.JUnitXMLReporter -->
<testsuite hostname="DESKTOP-888A2JB" ignored="0" name="Test" tests="12" failures="0" timestamp="2022-08-05T19:35:53 IST" time="0.171" errors="0">
  <testcase name="m1" time="0.01" classname="TestAnnotationPractice.TestCase1"/>
  <testcase name="m2" time="0.005" classname="TestAnnotationPractice.TestCase1"/>
  <testcase name="m3" time="0.003" classname="TestAnnotationPractice.TestCase1"/>
  <testcase name="m4" time="0.007" classname="TestAnnotationPractice.TestCase2"/>
  <testcase name="m5" time="0.004" classname="TestAnnotationPractice.TestCase2"/>
  <testcase name="m6" time="0.002" classname="TestAnnotationPractice.TestCase2"/>
  <testcase name="m1" time="0.004" classname="TestAnnotationPractice.TestCase3"/>
  <testcase name="m2" time="0.009" classname="TestAnnotationPractice.TestCase3"/>
  <testcase name="m3" time="0.002" classname="TestAnnotationPractice.TestCase3"/>
  <testcase name="m4" time="0.002" classname="TestAnnotationPractice.TestCase4"/>
  <testcase name="m5" time="0.002" classname="TestAnnotationPractice.TestCase4"/>
  <testcase name="m6" time="0.001" classname="TestAnnotationPractice.TestCase4"/>
</testsuite> <!-- Test -->
