<?xml version="1.0" encoding="UTF-8"?>
<testng-results skipped="0" failed="0" ignored="0" total="1" passed="1">
  <reporter-output>
    <line>
      <![CDATA[verifyFacebookLoginPageLogo]]>
    </line>
    <line>
      <![CDATA[verifyFacebookLoginPageTagline]]>
    </line>
    <line>
      <![CDATA[verifyFacebookLoginPageCreateNewAccountBtn]]>
    </line>
    <line>
      <![CDATA[verifyFacebookLoginPageCreatePage]]>
    </line>
    <line>
      <![CDATA[verifyFacebookLoginPageLogo]]>
    </line>
    <line>
      <![CDATA[setFacebookLoginPageUsername]]>
    </line>
    <line>
      <![CDATA[setFacebookLoginPagePassword]]>
    </line>
    <line>
      <![CDATA[clickFacebookLoginPageLoginBtn]]>
    </line>
  </reporter-output>
  <suite name="Default suite" duration-ms="12181" started-at="2022-08-10T19:35:14 IST" finished-at="2022-08-10T19:35:27 IST">
    <groups>
    </groups>
    <test name="Default test" duration-ms="12181" started-at="2022-08-10T19:35:14 IST" finished-at="2022-08-10T19:35:27 IST">
      <class name="PomWithPagefactoryPractice.LoginTest">
        <test-method status="PASS" signature="setup()[pri:0, instance:PomWithPagefactoryPractice.LoginTest@65e2dbf3]" name="setup" is-config="true" duration-ms="4515" started-at="2022-08-10T19:35:14 IST" finished-at="2022-08-10T19:35:19 IST">
          <reporter-output>
          </reporter-output>
        </test-method> <!-- setup -->
        <test-method status="PASS" signature="FacebookLoginPageTest()[pri:0, instance:PomWithPagefactoryPractice.LoginTest@65e2dbf3]" name="FacebookLoginPageTest" duration-ms="3332" started-at="2022-08-10T19:35:19 IST" finished-at="2022-08-10T19:35:22 IST">
          <reporter-output>
            <line>
              <![CDATA[verifyFacebookLoginPageLogo]]>
            </line>
            <line>
              <![CDATA[verifyFacebookLoginPageTagline]]>
            </line>
            <line>
              <![CDATA[verifyFacebookLoginPageCreateNewAccountBtn]]>
            </line>
            <line>
              <![CDATA[verifyFacebookLoginPageCreatePage]]>
            </line>
            <line>
              <![CDATA[verifyFacebookLoginPageLogo]]>
            </line>
            <line>
              <![CDATA[setFacebookLoginPageUsername]]>
            </line>
            <line>
              <![CDATA[setFacebookLoginPagePassword]]>
            </line>
            <line>
              <![CDATA[clickFacebookLoginPageLoginBtn]]>
            </line>
          </reporter-output>
        </test-method> <!-- FacebookLoginPageTest -->
        <test-method status="PASS" signature="teardown()[pri:0, instance:PomWithPagefactoryPractice.LoginTest@65e2dbf3]" name="teardown" is-config="true" duration-ms="4265" started-at="2022-08-10T19:35:22 IST" finished-at="2022-08-10T19:35:27 IST">
          <reporter-output>
          </reporter-output>
        </test-method> <!-- teardown -->
      </class> <!-- PomWithPagefactoryPractice.LoginTest -->
    </test> <!-- Default test -->
  </suite> <!-- Default suite -->
</testng-results>
