<?xml version="1.0" encoding="UTF-8"?>
<!-- Generated by org.testng.reporters.JUnitXMLReporter -->
<testsuite hostname="DESKTOP-888A2JB" ignored="3" name=" Regression Test_1 and Functional" tests="6" failures="0" timestamp="2022-08-06T20:20:04 IST" time="0.117" errors="0">
  <testcase name="Test2" time="0.018" classname="GroupingPractice.TestCase1"/>
  <testcase name="Test3" time="0.002" classname="GroupingPractice.TestCase1"/>
  <testcase name="Test5" time="0.001" classname="GroupingPractice.TestCase2"/>
  <testcase name="Test6" time="0.003" classname="GroupingPractice.TestCase2"/>
  <testcase name="Test8" time="0.003" classname="GroupingPractice.TestCase3"/>
  <testcase name="Test9" time="0.002" classname="GroupingPractice.TestCase3"/>
  <testcase name="Test4" time="0.0" classname="GroupingPractice.TestCase2">
    <ignored/>
  </testcase> <!-- Test4 -->
  <testcase name="Test1" time="0.0" classname="GroupingPractice.TestCase1">
    <ignored/>
  </testcase> <!-- Test1 -->
  <testcase name="Test7" time="0.0" classname="GroupingPractice.TestCase3">
    <ignored/>
  </testcase> <!-- Test7 -->
</testsuite> <!--  Regression Test_1 and Functional -->
